[10:47:28] [main/INFO]: Setting user: Player304
[10:47:29] [Client thread/INFO]: LWJGL Version: 2.9.1
[10:47:34] [Client thread/INFO]: Reloading ResourceManager: Default, FMLFileResourcePack:Forge Mod Loader, FMLFileResourcePack:Minecraft Forge, FMLFileResourcePack:MoreUtilities
[10:47:35] [Sound Library Loader/INFO]: Sound engine started
[10:47:35] [Client thread/INFO]: Created: 16x16 textures/blocks-atlas
[10:47:35] [Client thread/INFO]: Created: 16x16 textures/items-atlas
[10:47:35] [Client thread/INFO]: Reloading ResourceManager: Default, FMLFileResourcePack:Forge Mod Loader, FMLFileResourcePack:Minecraft Forge, FMLFileResourcePack:MoreUtilities
[10:47:36] [Client thread/INFO]: Created: 512x256 textures/blocks-atlas
[10:47:36] [Client thread/INFO]: Created: 256x256 textures/items-atlas
[10:47:36] [Sound Library Loader/INFO]: Sound engine started
[10:47:40] [Server thread/INFO]: Starting integrated minecraft server version 1.7.10
[10:47:40] [Server thread/INFO]: Generating keypair
[10:47:40] [Server thread/INFO]: Preparing start region for level 0
[10:47:41] [Server thread/INFO]: Changing view distance to 12, from 10
[10:47:41] [Server thread/INFO]: Player304[local:E:aaee839a] logged in with entity id 386 at (4.906156447894036, 73.0212564237161, 128.8928486483422)
[10:47:41] [Server thread/INFO]: Player304 joined the game
[10:47:42] [Server thread/INFO]: Saving and pausing game...
[10:47:42] [Server thread/INFO]: Saving chunks for level 'New World'/Overworld
[10:47:42] [Server thread/INFO]: Saving chunks for level 'New World'/Nether
[10:47:42] [Server thread/INFO]: Saving chunks for level 'New World'/The End
[10:48:54] [Server thread/INFO]: Saving and pausing game...
[10:48:54] [Server thread/INFO]: Saving chunks for level 'New World'/Overworld
[10:48:54] [Server thread/INFO]: Saving chunks for level 'New World'/Nether
[10:48:54] [Server thread/INFO]: Saving chunks for level 'New World'/The End
[10:48:55] [Server thread/INFO]: Stopping server
[10:48:55] [Server thread/INFO]: Saving players
[10:48:55] [Server thread/INFO]: Saving worlds
[10:48:55] [Server thread/INFO]: Saving chunks for level 'New World'/Overworld
[10:48:55] [Server thread/INFO]: Saving chunks for level 'New World'/Nether
[10:48:55] [Server thread/INFO]: Saving chunks for level 'New World'/The End
[10:48:56] [Client thread/INFO]: Stopping!
